# JRE version: OpenJDK Runtime Environment (11.0.10) (build 11.0.10+0-b96-7249189)
# Java VM: OpenJDK 64-Bit Server VM (11.0.10+0-b96-7249189, mixed mode, tiered, compressed oops, g1 gc, windows-amd64)
Heap:
 garbage-first heap   total 225280K, used 117364K [0x0000000080000000, 0x0000000100000000)
  region size 1024K, 6 young (6144K), 5 survivors (5120K)
 Metaspace       used 126952K, capacity 130669K, committed 130892K, reserved 1163264K
  class space    used 15796K, capacity 17141K, committed 17228K, reserved 1048576K
GC Heap History (20 events):
Event: 649.729 GC heap before
{Heap before GC invocations=58 (full 0):
 garbage-first heap   total 225280K, used 123389K [0x0000000080000000, 0x0000000100000000)
  region size 1024K, 12 young (12288K), 2 survivors (2048K)
 Metaspace       used 125710K, capacity 129321K, committed 129484K, reserved 1161216K
  class space    used 15748K, capacity 17060K, committed 17100K, reserved 1048576K
}
Event: 649.738 GC heap after
{Heap after GC invocations=59 (full 0):
 garbage-first heap   total 225280K, used 113398K [0x0000000080000000, 0x0000000100000000)
  region size 1024K, 1 young (1024K), 1 survivors (1024K)
 Metaspace       used 125710K, capacity 129321K, committed 129484K, reserved 1161216K
  class space    used 15748K, capacity 17060K, committed 17100K, reserved 1048576K
}
Event: 652.880 GC heap before
{Heap before GC invocations=60 (full 0):
 garbage-first heap   total 225280K, used 200438K [0x0000000080000000, 0x0000000100000000)
  region size 1024K, 70 young (71680K), 1 survivors (1024K)
 Metaspace       used 125813K, capacity 129389K, committed 129484K, reserved 1161216K
  class space    used 15749K, capacity 17061K, committed 17100K, reserved 1048576K
}
Event: 652.891 GC heap after
{Heap after GC invocations=61 (full 0):
 garbage-first heap   total 225280K, used 118853K [0x0000000080000000, 0x0000000100000000)
  region size 1024K, 7 young (7168K), 7 survivors (7168K)
 Metaspace       used 125813K, capacity 129389K, committed 129484K, reserved 1161216K
  class space    used 15749K, capacity 17061K, committed 17100K, reserved 1048576K
}
Event: 652.920 GC heap before
{Heap before GC invocations=61 (full 0):
 garbage-first heap   total 225280K, used 121925K [0x0000000080000000, 0x0000000100000000)
  region size 1024K, 11 young (11264K), 7 survivors (7168K)
 Metaspace       used 125831K, capacity 129389K, committed 129484K, reserved 1161216K
  class space    used 15749K, capacity 17061K, committed 17100K, reserved 1048576K
}
Event: 652.942 GC heap after
{Heap after GC invocations=62 (full 0):
 garbage-first heap   total 225280K, used 112103K [0x0000000080000000, 0x0000000100000000)
  region size 1024K, 2 young (2048K), 2 survivors (2048K)
 Metaspace       used 125831K, capacity 129389K, committed 129484K, reserved 1161216K
  class space    used 15749K, capacity 17061K, committed 17100K, reserved 1048576K
}
Event: 656.058 GC heap before
{Heap before GC invocations=62 (full 0):
 garbage-first heap   total 225280K, used 173543K [0x0000000080000000, 0x0000000100000000)
  region size 1024K, 64 young (65536K), 2 survivors (2048K)
 Metaspace       used 125915K, capacity 129483K, committed 129740K, reserved 1161216K
  class space    used 15753K, capacity 17069K, committed 17100K, reserved 1048576K
}
Event: 656.069 GC heap after
{Heap after GC invocations=63 (full 0):
 garbage-first heap   total 225280K, used 113677K [0x0000000080000000, 0x0000000100000000)
  region size 1024K, 3 young (3072K), 3 survivors (3072K)
 Metaspace       used 125915K, capacity 129483K, committed 129740K, reserved 1161216K
  class space    used 15753K, capacity 17069K, committed 17100K, reserved 1048576K
}
Event: 1293.926 GC heap before
{Heap before GC invocations=64 (full 0):
 garbage-first heap   total 225280K, used 203789K [0x0000000080000000, 0x0000000100000000)
  region size 1024K, 72 young (73728K), 3 survivors (3072K)
 Metaspace       used 126395K, capacity 129965K, committed 129996K, reserved 1163264K
  class space    used 15773K, capacity 17100K, committed 17100K, reserved 1048576K
}
Event: 1293.941 GC heap after
{Heap after GC invocations=65 (full 0):
 garbage-first heap   total 225280K, used 117387K [0x0000000080000000, 0x0000000100000000)
  region size 1024K, 7 young (7168K), 7 survivors (7168K)
 Metaspace       used 126395K, capacity 129965K, committed 129996K, reserved 1163264K
  class space    used 15773K, capacity 17100K, committed 17100K, reserved 1048576K
}
Event: 1294.062 GC heap before
{Heap before GC invocations=65 (full 0):
 garbage-first heap   total 225280K, used 121483K [0x0000000080000000, 0x0000000100000000)
  region size 1024K, 11 young (11264K), 7 survivors (7168K)
 Metaspace       used 126487K, capacity 130060K, committed 130380K, reserved 1163264K
  class space    used 15788K, capacity 17127K, committed 17228K, reserved 1048576K
}
Event: 1294.079 GC heap after
{Heap after GC invocations=66 (full 0):
 garbage-first heap   total 225280K, used 117364K [0x0000000080000000, 0x0000000100000000)
  region size 1024K, 2 young (2048K), 2 survivors (2048K)
 Metaspace       used 126487K, capacity 130060K, committed 130380K, reserved 1163264K
  class space    used 15788K, capacity 17127K, committed 17228K, reserved 1048576K
}
Event: 1299.779 GC heap before
{Heap before GC invocations=66 (full 0):
 garbage-first heap   total 225280K, used 177780K [0x0000000080000000, 0x0000000100000000)
  region size 1024K, 63 young (64512K), 2 survivors (2048K)
 Metaspace       used 126619K, capacity 130360K, committed 130636K, reserved 1163264K
  class space    used 15791K, capacity 17132K, committed 17228K, reserved 1048576K
}
Event: 1299.800 GC heap after
{Heap after GC invocations=67 (full 0):
 garbage-first heap   total 225280K, used 121326K [0x0000000080000000, 0x0000000100000000)
  region size 1024K, 6 young (6144K), 6 survivors (6144K)
 Metaspace       used 126619K, capacity 130360K, committed 130636K, reserved 1163264K
  class space    used 15791K, capacity 17132K, committed 17228K, reserved 1048576K
}
Event: 1394.874 GC heap before
{Heap before GC invocations=68 (full 0):
 garbage-first heap   total 225280K, used 206318K [0x0000000080000000, 0x0000000100000000)
  region size 1024K, 70 young (71680K), 6 survivors (6144K)
 Metaspace       used 126824K, capacity 130507K, committed 130636K, reserved 1163264K
  class space    used 15792K, capacity 17134K, committed 17228K, reserved 1048576K
}
Event: 1394.893 GC heap after
{Heap after GC invocations=69 (full 0):
 garbage-first heap   total 225280K, used 125615K [0x0000000080000000, 0x0000000100000000)
  region size 1024K, 9 young (9216K), 9 survivors (9216K)
 Metaspace       used 126824K, capacity 130507K, committed 130636K, reserved 1163264K
  class space    used 15792K, capacity 17134K, committed 17228K, reserved 1048576K
}
Event: 1394.960 GC heap before
{Heap before GC invocations=69 (full 0):
 garbage-first heap   total 225280K, used 127663K [0x0000000080000000, 0x0000000100000000)
  region size 1024K, 11 young (11264K), 9 survivors (9216K)
 Metaspace       used 126824K, capacity 130507K, committed 130636K, reserved 1163264K
  class space    used 15792K, capacity 17134K, committed 17228K, reserved 1048576K
}
Event: 1395.000 GC heap after
{Heap after GC invocations=70 (full 0):
 garbage-first heap   total 225280K, used 113692K [0x0000000080000000, 0x0000000100000000)
  region size 1024K, 2 young (2048K), 2 survivors (2048K)
 Metaspace       used 126824K, capacity 130507K, committed 130636K, reserved 1163264K
  class space    used 15792K, capacity 17134K, committed 17228K, reserved 1048576K
}
Event: 1803.212 GC heap before
{Heap before GC invocations=70 (full 0):
 garbage-first heap   total 225280K, used 183324K [0x0000000080000000, 0x0000000100000000)
  region size 1024K, 71 young (72704K), 2 survivors (2048K)
 Metaspace       used 126952K, capacity 130669K, committed 130892K, reserved 1163264K
  class space    used 15796K, capacity 17141K, committed 17228K, reserved 1048576K
}
Event: 1803.241 GC heap after
{Heap after GC invocations=71 (full 0):
 garbage-first heap   total 225280K, used 117364K [0x0000000080000000, 0x0000000100000000)
  region size 1024K, 5 young (5120K), 5 survivors (5120K)
 Metaspace       used 126952K, capacity 130669K, committed 130892K, reserved 1163264K
  class space    used 15796K, capacity 17141K, committed 17228K, reserved 1048576K
}

